[debug] [2026-05-01T13:51:49.994Z] ----------------------------------------------------------------------
[debug] [2026-05-01T13:51:50.001Z] Command:       C:\Program Files\nodejs\node.exe C:\Users\DELL LATITUDE 3590\AppData\Roaming\npm\node_modules\firebase-tools\lib\bin\firebase.js init
[debug] [2026-05-01T13:51:50.002Z] CLI Version:   15.16.0
[debug] [2026-05-01T13:51:50.003Z] Platform:      win32
[debug] [2026-05-01T13:51:50.003Z] Node Version:  v24.4.1
[debug] [2026-05-01T13:51:50.003Z] Time:          Fri May 01 2026 14:51:50 GMT+0100 (West Africa Standard Time)
[debug] [2026-05-01T13:51:50.004Z] ----------------------------------------------------------------------
[debug] 
[debug] [2026-05-01T13:51:50.009Z] >>> [apiv2][query] GET https://firebase-public.firebaseio.com/cli.json [none]
[info] 
     ######## #### ########  ######## ########     ###     ######  ########
     ##        ##  ##     ## ##       ##     ##  ##   ##  ##       ##
     ######    ##  ########  ######   ########  #########  ######  ######
     ##        ##  ##    ##  ##       ##     ## ##     ##       ## ##
     ##       #### ##     ## ######## ########  ##     ##  ######  ########

You're about to initialize a Firebase project in this directory:

  C:\Users\DELL LATITUDE 3590\OneDrive\Documents\Projects\quicksite

[debug] [2026-05-01T13:51:58.402Z] <<< [apiv2][status] GET https://firebase-public.firebaseio.com/cli.json 200
[debug] [2026-05-01T13:51:58.404Z] <<< [apiv2][body] GET https://firebase-public.firebaseio.com/cli.json {"cloudBuildErrorAfter":1594252800000,"cloudBuildWarnAfter":1590019200000,"defaultNode10After":1594252800000,"minVersion":"3.0.5","node8DeploysDisabledAfter":1613390400000,"node8RuntimeDisabledAfter":1615809600000,"node8WarnAfter":1600128000000}
[debug] [2026-05-01T13:52:32.630Z] ExitPromptError: User force closed the prompt with SIGINT
    at Interface.sigint (C:\Users\DELL LATITUDE 3590\AppData\Roaming\npm\node_modules\firebase-tools\node_modules\@inquirer\core\dist\commonjs\lib\create-prompt.js:101:37)
    at Interface.emit (node:events:507:28)
    at [_ttyWrite] [as _ttyWrite] (node:internal/readline/interface:1315:18)
    at ReadStream.onkeypress (node:internal/readline/interface:284:20)
    at ReadStream.emit (node:events:519:35)
    at emitKeys (node:internal/readline/utils:371:14)
    at emitKeys.next (<anonymous>)
    at ReadStream.onData (node:internal/readline/emitKeypressEvents:64:36)
    at ReadStream.emit (node:events:507:28)
    at addChunk (node:internal/streams/readable:559:12)
[error] 
[error] Error: An unexpected error has occurred.
